./debs/applist_1.5.14_iphoneos-arm.deb
./debs/apt7_0-2_iphoneos-arm.deb
./debs/bash_5.0.3-2_iphoneos-arm.deb
./debs/com.ex.substitute_0.1.5_iphoneos-arm.deb
./debs/com.linusyang.localeutf8_1.0-1_iphoneos-arm.deb
./debs/com.pul.facebooknoads_0.0.2_iphoneos-arm.deb
./debs/com.pulandres.bioprotectxs_4.4-3_iphoneos-arm.deb
./debs/com.pulandres.callbarxs_2.3-75-1_iphoneos-arm.deb
./debs/com.pulandres.ccmodulespro_1.1.1_iphoneos-arm.deb
./debs/com.pulandres.libertylite_0.2.12b_iphoneos-arm.deb
./debs/com.spark.libsparkapplist_1.0.7_iphoneos-arm.deb
./debs/com.thuthuatjb.iconrepo_3.0_iphoneos-arm.deb
./debs/com.thuthuatjb.tonemanager_0.6.2-368_iphoneos-arm.deb
./debs/curl_7.65.0-1_iphoneos-arm.deb
./debs/cydia.kiiimo.org.filzafilemanager_3.7.4-12k_iphoneos-arm.deb
./debs/cydia.kiiimo.org.icleanerpro10_7.8.0k_iphoneos-arm.deb
./debs/cydia_1.1.32~b24_iphoneos-arm.deb
./debs/darwintools_1.1-1_iphoneos-arm.deb
./debs/debugserver-10_10.0.0~svn-20191106+dcaf932-1_iphoneos-arm.deb
./debs/debugserver_10-1_iphoneos-arm.deb
./debs/gawk_4.2.1-1_iphoneos-arm.deb
./debs/jailbreak-resources_1.0~b27_iphoneos-arm.deb
./debs/jbctl_0.2.3-1_iphoneos-arm.deb
./debs/libclang-cpp10_10.0.0~svn-20191106+dcaf932-1_iphoneos-arm.deb
./debs/libllvm10_10.0.0~svn-20191106+dcaf932-1_iphoneos-arm.deb
./debs/libnghttp2-14_1.38.0-1_iphoneos-arm.deb
./debs/libssh2_1.8.0-2_iphoneos-arm.deb
./debs/me.ahmedbafkir.dleasy_2.9.1_iphoneos-arm.deb
./debs/me.ahmedbafkir.dleasy_2.9.2_iphoneos-arm.deb
./debs/net.angelxwind.appsyncunified_72.0_iphoneos-arm.deb
./debs/org.cydia.kiimo.appstoreplusplus_0.9.8-9_iphoneos-arm.deb
./debs/org.cydia.kiimo.comatchsticreprovision_0.5~release_iphoneos-arm.deb
./debs/org.cydia.kiimo.speedtestpp_1.0.0.1_iphoneos-arm.deb
./debs/p7zip_16.02-1_iphoneos-arm.deb
./debs/se.nosskirneh.properlockgestures_0.0.9_iphoneos-arm.deb
./debs/sedfix_100.3_iphoneos-arm.deb
./debs/unrar_5.6.4-1_iphoneos-arm.deb
./debs/unzip_6.0+deb9u1-1_iphoneos-arm.deb
./debs/ws.hbang.newterm2_2.4_iphoneos-arm.deb
./debs/zip_2.32-1_iphoneos-arm.deb
